<?xml version="1.0" encoding="UTF-8"?>
<!-- Generated by org.testng.reporters.JUnitXMLReporter -->
<testsuite ignored="0" hostname="DESKTOP-NLPPFJ1" failures="1" tests="29" name="Test" time="303.975" errors="0" timestamp="2023-01-25T18:43:51 IST">
  <testcase classname="Practice.TotalNumberOfLink" name="tc1" time="8.714"/>
  <testcase classname="Practice.TotalNumberOfLink" name="tc2" time="4.065"/>
  <testcase classname="Practice.pract11" name="Checkbox" time="5.475"/>
  <testcase classname="Practice.pract11" name="ElementVisible" time="13.736"/>
  <testcase classname="Practice.pract11" name="OpenTab" time="4.3"/>
  <testcase classname="Practice.pract11" name="ScrollDown" time="5.433"/>
  <testcase classname="Practice.pract11" name="alertBox" time="14.344"/>
  <testcase classname="Practice.pract11" name="dropdown" time="5.728"/>
  <testcase classname="Practice.pract11" name="tc1SS" time="4.25"/>
  <testcase classname="Practice.pract11" name="tc2" time="3.607"/>
  <testcase classname="Practice.pract11" name="tc3" time="4.668"/>
  <testcase classname="Practice.AutoSuggestion" name="tc1" time="11.34"/>
  <testcase classname="Practice.newPract2511" name="tc1" time="0.0"/>
  <testcase classname="Practice.practice25_1" name="tc3" time="8.152"/>
  <testcase classname="Practice.practice25_1" name="tc1" time="0.805"/>
  <testcase classname="Practice.practice25_1" name="tc4" time="3.122"/>
  <testcase classname="Practice.practice25_1" name="tc2" time="6.794"/>
  <testcase classname="Practice.P_24_1" name="tc1" time="2.389"/>
  <testcase classname="Practice.P_24_1" name="tc2" time="2.81"/>
  <testcase classname="Practice.P_24_1" name="tc3" time="2.596"/>
  <testcase classname="Practice.P_24_1" name="tc4" time="8.665"/>
  <testcase classname="Practice.P_24_1" name="tc5" time="5.743"/>
  <testcase classname="Practice.Wait3_1" name="tc2" time="4.551"/>
  <testcase classname="Practice.Wait3_1" name="tc3" time="3.674"/>
  <testcase classname="Practice.Wait3_1" name="tc4" time="3.73"/>
  <testcase classname="Practice.Wait3_1" name="tc5" time="7.523"/>
  <testcase classname="Practice.Wait3_1" name="tc1" time="0.679"/>
  <testcase classname="Practice.datePicker" name="tc1" time="4.973"/>
  <testcase classname="Practice.pract2211" name="tc" time="9.887">
    <failure type="org.openqa.selenium.StaleElementReferenceException" message="stale element reference: element is not attached to the page document
  (Session info: chrome=109.0.5414.75)
For documentation on this error, please visit: https://selenium.dev/exceptions/#stale_element_reference
Build info: version: &amp;apos;4.6.0&amp;apos;, revision: &amp;apos;79f1c02ae20&amp;apos;
System info: os.name: &amp;apos;Windows 11&amp;apos;, os.arch: &amp;apos;amd64&amp;apos;, os.version: &amp;apos;10.0&amp;apos;, java.version: &amp;apos;17.0.5&amp;apos;
Driver info: org.openqa.selenium.chrome.ChromeDriver
Command: [7d73f98ec706b15f30fef1dafaddd51d, getElementText {id=49ccc42f-df2f-4698-85ed-5b62b4196bc9}]
Capabilities {acceptInsecureCerts: false, browserName: chrome, browserVersion: 109.0.5414.75, chrome: {chromedriverVersion: 108.0.5359.71 (1e0e3868ee06..., userDataDir: C:\Users\Yogesh\AppData\Loc...}, goog:chromeOptions: {debuggerAddress: localhost:51525}, networkConnectionEnabled: false, pageLoadStrategy: normal, platformName: WINDOWS, proxy: Proxy(), se:cdp: ws://localhost:51525/devtoo..., se:cdpVersion: 109.0.5414.75, setWindowRect: true, strictFileInteractability: false, timeouts: {implicit: 0, pageLoad: 300000, script: 30000}, unhandledPromptBehavior: dismiss and notify, webauthn:extension:credBlob: true, webauthn:extension:largeBlob: true, webauthn:virtualAuthenticators: true}
Element: [[ChromeDriver: chrome on WINDOWS (7d73f98ec706b15f30fef1dafaddd51d)] -&amp;gt; xpath: //*[contains(@class,&amp;apos;sbct&amp;apos;)]]
Session ID: 7d73f98ec706b15f30fef1dafaddd51d">
      <![CDATA[org.openqa.selenium.StaleElementReferenceException: stale element reference: element is not attached to the page document
  (Session info: chrome=109.0.5414.75)
For documentation on this error, please visit: https://selenium.dev/exceptions/#stale_element_reference
Build info: version: '4.6.0', revision: '79f1c02ae20'
System info: os.name: 'Windows 11', os.arch: 'amd64', os.version: '10.0', java.version: '17.0.5'
Driver info: org.openqa.selenium.chrome.ChromeDriver
Command: [7d73f98ec706b15f30fef1dafaddd51d, getElementText {id=49ccc42f-df2f-4698-85ed-5b62b4196bc9}]
Capabilities {acceptInsecureCerts: false, browserName: chrome, browserVersion: 109.0.5414.75, chrome: {chromedriverVersion: 108.0.5359.71 (1e0e3868ee06..., userDataDir: C:\Users\Yogesh\AppData\Loc...}, goog:chromeOptions: {debuggerAddress: localhost:51525}, networkConnectionEnabled: false, pageLoadStrategy: normal, platformName: WINDOWS, proxy: Proxy(), se:cdp: ws://localhost:51525/devtoo..., se:cdpVersion: 109.0.5414.75, setWindowRect: true, strictFileInteractability: false, timeouts: {implicit: 0, pageLoad: 300000, script: 30000}, unhandledPromptBehavior: dismiss and notify, webauthn:extension:credBlob: true, webauthn:extension:largeBlob: true, webauthn:virtualAuthenticators: true}
Element: [[ChromeDriver: chrome on WINDOWS (7d73f98ec706b15f30fef1dafaddd51d)] -> xpath: //*[contains(@class,'sbct')]]
Session ID: 7d73f98ec706b15f30fef1dafaddd51d
at org.openqa.selenium.remote.codec.w3c.W3CHttpResponseCodec.createException(W3CHttpResponseCodec.java:200)
at org.openqa.selenium.remote.codec.w3c.W3CHttpResponseCodec.decode(W3CHttpResponseCodec.java:133)
at org.openqa.selenium.remote.codec.w3c.W3CHttpResponseCodec.decode(W3CHttpResponseCodec.java:53)
at org.openqa.selenium.remote.HttpCommandExecutor.execute(HttpCommandExecutor.java:184)
at org.openqa.selenium.remote.service.DriverCommandExecutor.invokeExecute(DriverCommandExecutor.java:167)
at org.openqa.selenium.remote.service.DriverCommandExecutor.execute(DriverCommandExecutor.java:142)
at org.openqa.selenium.remote.RemoteWebDriver.execute(RemoteWebDriver.java:541)
at org.openqa.selenium.remote.RemoteWebElement.execute(RemoteWebElement.java:257)
at org.openqa.selenium.remote.RemoteWebElement.getText(RemoteWebElement.java:207)
at Practice.pract2211.tc(pract2211.java:67)
at java.base/java.util.ArrayList.forEach(ArrayList.java:1511)
... Removed 32 stack frames]]>
    </failure>
  </testcase> <!-- tc -->
</testsuite> <!-- Test -->
